TN:
SF:src/core/ConfigManager.ts
FN:28,(anonymous_0)
FN:51,(anonymous_1)
FN:58,(anonymous_2)
FN:62,(anonymous_3)
FN:70,(anonymous_4)
FN:74,(anonymous_5)
FN:78,(anonymous_6)
FN:80,(anonymous_7)
FNF:8
FNH:8
FNDA:7,(anonymous_0)
FNDA:9,(anonymous_1)
FNDA:9,(anonymous_2)
FNDA:4,(anonymous_3)
FNDA:4,(anonymous_4)
FNDA:1,(anonymous_5)
FNDA:4,(anonymous_6)
FNDA:3,(anonymous_7)
DA:23,1
DA:29,7
DA:48,7
DA:52,9
DA:53,7
DA:55,9
DA:59,9
DA:63,4
DA:67,4
DA:71,4
DA:75,1
DA:79,4
DA:80,4
LF:13
LH:13
BRDA:52,0,0,7
BRF:1
BRH:1
end_of_record
TN:
SF:src/utils/Vector2D.ts
FN:4,(anonymous_0)
FN:6,(anonymous_1)
FN:10,(anonymous_2)
FN:14,(anonymous_3)
FN:18,(anonymous_4)
FN:25,(anonymous_5)
FN:29,(anonymous_6)
FN:37,(anonymous_7)
FN:45,(anonymous_8)
FN:49,(anonymous_9)
FN:53,(anonymous_10)
FNF:11
FNH:11
FNDA:24,(anonymous_0)
FNDA:1,(anonymous_1)
FNDA:1,(anonymous_2)
FNDA:2,(anonymous_3)
FNDA:4,(anonymous_4)
FNDA:8,(anonymous_5)
FNDA:3,(anonymous_6)
FNDA:1,(anonymous_7)
FNDA:1,(anonymous_8)
FNDA:1,(anonymous_9)
FNDA:1,(anonymous_10)
DA:3,1
DA:4,24
DA:7,1
DA:11,1
DA:15,2
DA:19,4
DA:20,1
DA:22,3
DA:26,8
DA:30,3
DA:31,3
DA:32,1
DA:34,2
DA:38,1
DA:39,1
DA:40,1
DA:42,0
DA:46,1
DA:50,1
DA:54,1
DA:55,1
LF:21
LH:20
BRDA:19,0,0,1
BRDA:31,1,0,1
BRDA:39,2,0,1
BRF:3
BRH:3
end_of_record
